c:\users\bipin467\source\repos\learningopengl\bin\intermediates\win32\debug\vc141.pdb
c:\users\bipin467\source\repos\learningopengl\bin\intermediates\win32\debug\vc141.idb
c:\users\bipin467\source\repos\learningopengl\bin\intermediates\win32\debug\vertexbuffer.obj
c:\users\bipin467\source\repos\learningopengl\bin\intermediates\win32\debug\vertexarray.obj
c:\users\bipin467\source\repos\learningopengl\bin\intermediates\win32\debug\stb_image.obj
c:\users\bipin467\source\repos\learningopengl\bin\intermediates\win32\debug\time.obj
c:\users\bipin467\source\repos\learningopengl\bin\intermediates\win32\debug\texture.obj
c:\users\bipin467\source\repos\learningopengl\bin\intermediates\win32\debug\shader.obj
c:\users\bipin467\source\repos\learningopengl\bin\intermediates\win32\debug\renderer.obj
c:\users\bipin467\source\repos\learningopengl\bin\intermediates\win32\debug\input.obj
c:\users\bipin467\source\repos\learningopengl\bin\intermediates\win32\debug\indexbuffer.obj
c:\users\bipin467\source\repos\learningopengl\bin\intermediates\win32\debug\imageloader.obj
c:\users\bipin467\source\repos\learningopengl\bin\intermediates\win32\debug\customdatastructures.obj
c:\users\bipin467\source\repos\learningopengl\bin\intermediates\win32\debug\assertion.obj
c:\users\bipin467\source\repos\learningopengl\bin\intermediates\win32\debug\application.obj
c:\users\bipin467\source\repos\learningopengl\bin\intermediates\win32\debug\meshrenderer.obj
c:\users\bipin467\source\repos\learningopengl\bin\intermediates\win32\debug\transform.obj
c:\users\bipin467\source\repos\learningopengl\bin\intermediates\win32\debug\gameobject.obj
c:\users\bipin467\source\repos\learningopengl\bin\intermediates\win32\debug\binaryfileloader.obj
c:\users\bipin467\source\repos\learningopengl\bin\intermediates\win32\debug\meshfilter.obj
c:\users\bipin467\source\repos\learningopengl\bin\intermediates\win32\debug\texturemovement.obj
c:\users\bipin467\source\repos\learningopengl\bin\intermediates\win32\debug\screen.obj
c:\users\bipin467\source\repos\learningopengl\bin\intermediates\win32\debug\rigidbody2d.obj
c:\users\bipin467\source\repos\learningopengl\bin\intermediates\win32\debug\physics.obj
c:\users\bipin467\source\repos\learningopengl\bin\intermediates\win32\debug\physics2d.obj
c:\users\bipin467\source\repos\learningopengl\bin\intermediates\win32\debug\detectcollisionui.obj
c:\users\bipin467\source\repos\learningopengl\bin\intermediates\win32\debug\glm.obj
c:\users\bipin467\source\repos\learningopengl\bin\intermediates\win32\debug\camera.obj
c:\users\bipin467\source\repos\learningopengl\bin\intermediates\win32\debug\renderpipeline.obj
c:\users\bipin467\source\repos\learningopengl\bin\intermediates\win32\debug\maths.obj
c:\users\bipin467\source\repos\learningopengl\bin\intermediates\win32\debug\windowlayout.obj
c:\users\bipin467\source\repos\learningopengl\bin\intermediates\win32\debug\orthographiccamera.obj
c:\users\bipin467\source\repos\learningopengl\bin\win32\debug\learningopengl.exe
c:\users\bipin467\source\repos\learningopengl\bin\win32\debug\learningopengl.ilk
c:\users\bipin467\source\repos\learningopengl\bin\win32\debug\learningopengl.pdb
c:\users\bipin467\source\repos\learningopengl\bin\intermediates\win32\debug\learningopengl.tlog\cl.command.1.tlog
c:\users\bipin467\source\repos\learningopengl\bin\intermediates\win32\debug\learningopengl.tlog\cl.read.1.tlog
c:\users\bipin467\source\repos\learningopengl\bin\intermediates\win32\debug\learningopengl.tlog\cl.write.1.tlog
c:\users\bipin467\source\repos\learningopengl\bin\intermediates\win32\debug\learningopengl.tlog\link.command.1.tlog
c:\users\bipin467\source\repos\learningopengl\bin\intermediates\win32\debug\learningopengl.tlog\link.read.1.tlog
c:\users\bipin467\source\repos\learningopengl\bin\intermediates\win32\debug\learningopengl.tlog\link.write.1.tlog
